<?xml version="1.0" encoding="UTF-8"?>
<testng-results skipped="0" failed="0" ignored="0" total="1" passed="1">
  <reporter-output>
  </reporter-output>
  <suite name="Default suite" duration-ms="8132" started-at="2020-05-18T06:02:48Z" finished-at="2020-05-18T06:02:56Z">
    <groups>
    </groups>
    <test name="Default test" duration-ms="8132" started-at="2020-05-18T06:02:48Z" finished-at="2020-05-18T06:02:56Z">
      <class name="test.LoginTest">
        <test-method status="PASS" signature="validUserShouldBeAbletoLoginin()[pri:0, instance:test.LoginTest@100fc185]" name="validUserShouldBeAbletoLoginin" duration-ms="8081" started-at="2020-05-18T01:02:48Z" finished-at="2020-05-18T01:02:56Z">
          <reporter-output>
          </reporter-output>
        </test-method> <!-- validUserShouldBeAbletoLoginin -->
      </class> <!-- test.LoginTest -->
    </test> <!-- Default test -->
  </suite> <!-- Default suite -->
</testng-results>
